#
# There is insufficient memory for the Java Runtime Environment to continue.
# Native memory allocation (mmap) failed to map 264241152 bytes for G1 virtual space
# Possible reasons:
#   The system is out of physical RAM or swap space
#   The process is running with CompressedOops enabled, and the Java Heap may be blocking the growth of the native heap
# Possible solutions:
#   Reduce memory load on the system
#   Increase physical memory or swap space
#   Check if swap backing store is full
#   Decrease Java heap size (-Xmx/-Xms)
#   Decrease number of Java threads
#   Decrease Java thread stack sizes (-Xss)
#   Set larger code cache with -XX:ReservedCodeCacheSize=
#   JVM is running with Zero Based Compressed Oops mode in which the Java heap is
#     placed in the first 32GB address space. The Java Heap base address is the
#     maximum limit for the native heap growth. Please use -XX:HeapBaseMinAddress
#     to set the Java Heap base and to place the Java Heap above 32GB virtual address.
# This output file may be truncated or incomplete.
#
#  Out of Memory Error (os_windows.cpp:3532), pid=6204, tid=22308
#
# JRE version:  (17.0.2+8) (build )
# Java VM: OpenJDK 64-Bit Server VM (17.0.2+8-86, mixed mode, sharing, tiered, compressed oops, compressed class ptrs, g1 gc, windows-amd64)
# No core dump will be written. Minidumps are not enabled by default on client versions of Windows
#

---------------  S U M M A R Y ------------

Command Line: -javaagent:C:\Program Files\JetBrains\IntelliJ IDEA 2021.2.2\lib\idea_rt.jar=60504:C:\Program Files\JetBrains\IntelliJ IDEA 2021.2.2\bin -Dfile.encoding=UTF-8 --module-path=C:\Users\alani\.m2\repository\org\openjfx\javafx-graphics\18\javafx-graphics-18-win.jar;C:\Users\alani\Desktop\2DAM\PSP\PSPprimerAPI\target\classes;C:\Users\alani\.m2\repository\jakarta\platform\jakarta.jakartaee-web-api\9.1.0\jakarta.jakartaee-web-api-9.1.0.jar;C:\Users\alani\.m2\repository\org\openjfx\javafx-base\18\javafx-base-18-win.jar -Djdk.module.main=PSPprimerAPI PSPprimerAPI/ui.main.DIJavaFx

Host: 11th Gen Intel(R) Core(TM) i7-1165G7 @ 2.80GHz, 8 cores, 15G,  Windows 11 , 64 bit Build 22000 (10.0.22000.708)
Time: Mon Sep 19 12:11:44 2022 Hora de verano romance elapsed time: 0.031882 seconds (0d 0h 0m 0s)

---------------  T H R E A D  ---------------

Current thread (0x000001d586163ac0):  JavaThread "Unknown thread" [_thread_in_vm, id=22308, stack(0x0000004b1c400000,0x0000004b1c500000)]

Stack: [0x0000004b1c400000,0x0000004b1c500000]
Native frames: (J=compiled Java code, j=interpreted, Vv=VM code, C=native code)
V  [jvm.dll+0x670baa]
V  [jvm.dll+0x7cfcb4]
V  [jvm.dll+0x7d145e]
V  [jvm.dll+0x7d1ac3]
V  [jvm.dll+0x242bc5]
V  [jvm.dll+0x66dac9]
V  [jvm.dll+0x662412]
V  [jvm.dll+0x300c0b]
V  [jvm.dll+0x3081a6]
V  [jvm.dll+0x357d0e]
V  [jvm.dll+0x357f3f]
V  [jvm.dll+0x2d7ec8]
V  [jvm.dll+0x2d8e34]
V  [jvm.dll+0x7a18c1]
V  [jvm.dll+0x365a91]
V  [jvm.dll+0x780d2c]
V  [jvm.dll+0x3e845f]
V  [jvm.dll+0x3e9f01]
C  [jli.dll+0x527b]
C  [ucrtbase.dll+0x26c0c]
C  [KERNEL32.DLL+0x154e0]
C  [ntdll.dll+0x485b]


---------------  P R O C E S S  ---------------

Threads class SMR info:
_java_thread_list=0x00007ffe0df59858, length=0, elements={
}

Java Threads: ( => current thread )

Other Threads:
  0x000001d5861b2b40 GCTaskThread "GC Thread#0" [stack: 0x0000004b1c500000,0x0000004b1c600000] [id=5072]
  0x000001d5861c47b0 ConcurrentGCThread "G1 Main Marker" [stack: 0x0000004b1c600000,0x0000004b1c700000] [id=10328]
  0x000001d5861c61d0 ConcurrentGCThread "G1 Conc#0" [stack: 0x0000004b1c700000,0x0000004b1c800000] [id=20560]

[error occurred during error reporting (printing all threads), id 0xc0000005, EXCEPTION_ACCESS_VIOLATION (0xc0000005) at pc=0x00007ffe0d7a88a7]

VM state: not at safepoint (not fully initialized)

VM Mutex/Monitor currently owned by a thread:  ([mutex/lock_event])
[0x000001d58615f500] Heap_lock - owner thread: 0x000001d586163ac0

Heap address: 0x0000000704400000, size: 4028 MB, Compressed Oops mode: Zero based, Oop shift amount: 3

CDS archive(s) mapped at: [0x0000000000000000-0x0000000000000000-0x0000000000000000), size 0, SharedBaseAddress: 0x0000000800000000, ArchiveRelocationMode: 0.
Narrow klass base: 0x0000000000000000, Narrow klass shift: 0, Narrow klass range: 0x0

GC Precious Log:
<Empty>

Heap:
 garbage-first heap   total 0K, used 0K [0x0000000704400000, 0x0000000800000000)
  region size 2048K, 0 young (0K), 0 survivors (0K)

[error occurred during error reporting (printing heap information), id 0xc0000005, EXCEPTION_ACCESS_VIOLATION (0xc0000005) at pc=0x00007ffe0db89f19]

GC Heap History (0 events):
No events

Deoptimization events (0 events):
No events

Classes unloaded (0 events):
No events

Classes redefined (0 events):
No events

Internal exceptions (0 events):
No events

VM Operations (0 events):
No events

Events (1 events):
Event: 0.028 Loaded shared library C:\Users\alani\Desktop\jdk-17.0.2\bin\java.dll


Dynamic libraries:
0x00007ff712570000 - 0x00007ff71257e000 	C:\Users\alani\Desktop\jdk-17.0.2\bin\java.exe
0x00007ffe72ba0000 - 0x00007ffe72da9000 	C:\WINDOWS\SYSTEM32\ntdll.dll
0x00007ffe70f10000 - 0x00007ffe70fcd000 	C:\WINDOWS\System32\KERNEL32.DLL
0x00007ffe704e0000 - 0x00007ffe7085c000 	C:\WINDOWS\System32\KERNELBASE.dll
0x00007ffe70080000 - 0x00007ffe70191000 	C:\WINDOWS\System32\ucrtbase.dll
0x00007ffe59de0000 - 0x00007ffe59df8000 	C:\Users\alani\Desktop\jdk-17.0.2\bin\jli.dll
0x00007ffe70cb0000 - 0x00007ffe70e5d000 	C:\WINDOWS\System32\USER32.dll
0x00007ffe70a00000 - 0x00007ffe70a26000 	C:\WINDOWS\System32\win32u.dll
0x00007ffe715a0000 - 0x00007ffe715c9000 	C:\WINDOWS\System32\GDI32.dll
0x00007ffe708e0000 - 0x00007ffe709f9000 	C:\WINDOWS\System32\gdi32full.dll
0x00007ffe702d0000 - 0x00007ffe7036d000 	C:\WINDOWS\System32\msvcp_win.dll
0x00007ffe59f20000 - 0x00007ffe59f3a000 	C:\Users\alani\Desktop\jdk-17.0.2\bin\VCRUNTIME140.dll
0x00007ffe43b10000 - 0x00007ffe43db5000 	C:\WINDOWS\WinSxS\amd64_microsoft.windows.common-controls_6595b64144ccf1df_6.0.22000.120_none_9d947278b86cc467\COMCTL32.dll
0x00007ffe728f0000 - 0x00007ffe72993000 	C:\WINDOWS\System32\msvcrt.dll
0x00007ffe71e20000 - 0x00007ffe71e51000 	C:\WINDOWS\System32\IMM32.DLL
0x00007ffe5b4c0000 - 0x00007ffe5b4cc000 	C:\Users\alani\Desktop\jdk-17.0.2\bin\vcruntime140_1.dll
0x00007ffe51140000 - 0x00007ffe511cd000 	C:\Users\alani\Desktop\jdk-17.0.2\bin\msvcp140.dll
0x00007ffe0d4c0000 - 0x00007ffe0e081000 	C:\Users\alani\Desktop\jdk-17.0.2\bin\server\jvm.dll
0x00007ffe72710000 - 0x00007ffe727be000 	C:\WINDOWS\System32\ADVAPI32.dll
0x00007ffe714a0000 - 0x00007ffe7153e000 	C:\WINDOWS\System32\sechost.dll
0x00007ffe727c0000 - 0x00007ffe728e0000 	C:\WINDOWS\System32\RPCRT4.dll
0x00007ffe72690000 - 0x00007ffe72698000 	C:\WINDOWS\System32\PSAPI.DLL
0x00007ffe59ed0000 - 0x00007ffe59ed9000 	C:\WINDOWS\SYSTEM32\WSOCK32.dll
0x00007ffe715d0000 - 0x00007ffe7163f000 	C:\WINDOWS\System32\WS2_32.dll
0x00007ffe69260000 - 0x00007ffe69293000 	C:\WINDOWS\SYSTEM32\WINMM.dll
0x00007ffe66830000 - 0x00007ffe6683a000 	C:\WINDOWS\SYSTEM32\VERSION.dll
0x00007ffe6f240000 - 0x00007ffe6f258000 	C:\WINDOWS\SYSTEM32\kernel.appcore.dll
0x00007ffe5aa40000 - 0x00007ffe5aa4a000 	C:\Users\alani\Desktop\jdk-17.0.2\bin\jimage.dll
0x00007ffe6d6b0000 - 0x00007ffe6d8d1000 	C:\WINDOWS\SYSTEM32\DBGHELP.DLL
0x00007ffe49d50000 - 0x00007ffe49d81000 	C:\WINDOWS\SYSTEM32\dbgcore.DLL
0x00007ffe70860000 - 0x00007ffe708df000 	C:\WINDOWS\System32\bcryptPrimitives.dll
0x00007ffe58fe0000 - 0x00007ffe58fee000 	C:\Users\alani\Desktop\jdk-17.0.2\bin\instrument.dll
0x00007ffe597d0000 - 0x00007ffe597f5000 	C:\Users\alani\Desktop\jdk-17.0.2\bin\java.dll

dbghelp: loaded successfully - version: 4.0.5 - missing functions: none
symbol engine: initialized successfully - sym options: 0x614 - pdb path: .;C:\Users\alani\Desktop\jdk-17.0.2\bin;C:\WINDOWS\SYSTEM32;C:\WINDOWS\WinSxS\amd64_microsoft.windows.common-controls_6595b64144ccf1df_6.0.22000.120_none_9d947278b86cc467;C:\Users\alani\Desktop\jdk-17.0.2\bin\server

VM Arguments:
jvm_args: -javaagent:C:\Program Files\JetBrains\IntelliJ IDEA 2021.2.2\lib\idea_rt.jar=60504:C:\Program Files\JetBrains\IntelliJ IDEA 2021.2.2\bin -Dfile.encoding=UTF-8 --module-path=C:\Users\alani\.m2\repository\org\openjfx\javafx-graphics\18\javafx-graphics-18-win.jar;C:\Users\alani\Desktop\2DAM\PSP\PSPprimerAPI\target\classes;C:\Users\alani\.m2\repository\jakarta\platform\jakarta.jakartaee-web-api\9.1.0\jakarta.jakartaee-web-api-9.1.0.jar;C:\Users\alani\.m2\repository\org\openjfx\javafx-base\18\javafx-base-18-win.jar -Djdk.module.main=PSPprimerAPI 
java_command: PSPprimerAPI/ui.main.DIJavaFx
java_class_path (initial): C:\Users\alani\.m2\repository\org\openjfx\javafx-base\18\javafx-base-18.jar;C:\Users\alani\.m2\repository\org\openjfx\javafx-fxml\18\javafx-fxml-18.jar;C:\Users\alani\.m2\repository\org\openjfx\javafx-fxml\18\javafx-fxml-18-win.jar;C:\Users\alani\.m2\repository\org\openjfx\javafx-controls\18\javafx-controls-18.jar;C:\Users\alani\.m2\repository\org\openjfx\javafx-controls\18\javafx-controls-18-win.jar;C:\Users\alani\.m2\repository\org\openjfx\javafx-graphics\18\javafx-graphics-18.jar;C:\Users\alani\.m2\repository\io\github\palexdev\materialfx\11.13.3\materialfx-11.13.3.jar;C:\Users\alani\.m2\repository\org\openjfx\javafx-media\17.0.2\javafx-media-17.0.2-linux.jar;C:\Users\alani\.m2\repository\org\openjfx\javafx-media\17.0.2\javafx-media-17.0.2-win.jar;C:\Users\alani\.m2\repository\org\openjfx\javafx-swing\17.0.2\javafx-swing-17.0.2-linux.jar;C:\Users\alani\.m2\repository\org\openjfx\javafx-swing\17.0.2\javafx-swing-17.0.2-win.jar;C:\Users\alani\.m2\repository\org\openjfx\javafx-web\17.0.2\javafx-web-17.0.2-linux.jar;C:\Users\alani\.m2\repository\org\openjfx\javafx-web\17.0.2\javafx-web-17.0.2-win.jar;C:\Users\alani\.m2\repository\org\openjfx\javafx-media\17.0.2\javafx-media-17.0.2.jar;C:\Users\alani\.m2\repository\com\vanniktech\gradle-maven-publish-plugin\0.19.0\gradle-maven-publish-plugin-0.19.0.jar;C:\Users\alani\.m2\repository\org\jetbrains\kotlin\kotlin-stdlib\1.5.31\kotlin-stdlib-1.5.31.jar;C:\Users\alani\.m2\repository\org\jetbrains\annotations\13.0\annotations-13.0.jar;C:\Users\alani\.m2\repository\org\jetbrains\kotlin\kotlin-stdlib-common\1.5.31\kotlin-stdlib-common-1.5.31.jar;C:\Users\alani\.m2\repository\com\vanniktech\nexus\0.19.0\nexus-0.19.0.jar;C:\Users\alani\.m2\repository\org\jetbrains\kotlin\kotlin-stdlib-jdk8\1.5.31\kotlin-stdlib-jdk8-1.5.31.jar;C:\Users\alani\.m2\repository\org\jetbrains\kotlin\kotlin-stdlib-jdk7\1.5.31\kotlin-stdlib-jdk7-1.5.31.jar;C:\Users\alani\.m2\repository\com\squareup\moshi\moshi\1.13.0\moshi-1.
Launcher Type: SUN_STANDARD

[Global flags]
     intx CICompilerCount                          = 4                                         {product} {ergonomic}
     uint ConcGCThreads                            = 2                                         {product} {ergonomic}
     uint G1ConcRefinementThreads                  = 8                                         {product} {ergonomic}
   size_t G1HeapRegionSize                         = 2097152                                   {product} {ergonomic}
    uintx GCDrainStackTargetSize                   = 64                                        {product} {ergonomic}
   size_t InitialHeapSize                          = 264241152                                 {product} {ergonomic}
   size_t MarkStackSize                            = 4194304                                   {product} {ergonomic}
   size_t MaxHeapSize                              = 4223664128                                {product} {ergonomic}
   size_t MinHeapDeltaBytes                        = 2097152                                   {product} {ergonomic}
   size_t MinHeapSize                              = 8388608                                   {product} {ergonomic}
    uintx NonNMethodCodeHeapSize                   = 5839372                                {pd product} {ergonomic}
    uintx NonProfiledCodeHeapSize                  = 122909434                              {pd product} {ergonomic}
    uintx ProfiledCodeHeapSize                     = 122909434                              {pd product} {ergonomic}
    uintx ReservedCodeCacheSize                    = 251658240                              {pd product} {ergonomic}
     bool SegmentedCodeCache                       = true                                      {product} {ergonomic}
   size_t SoftMaxHeapSize                          = 4223664128                             {manageable} {ergonomic}
     bool UseCompressedClassPointers               = true                           {product lp64_product} {ergonomic}
     bool UseCompressedOops                        = true                           {product lp64_product} {ergonomic}
     bool UseG1GC                                  = true                                      {product} {ergonomic}
     bool UseLargePagesIndividualAllocation        = false                                  {pd product} {ergonomic}

Logging:
Log output configuration:
 #0: stdout all=warning uptime,level,tags
 #1: stderr all=off uptime,level,tags

Environment Variables:
PATH=C:\Users\alani\Desktop\sql\app\oracle\product\10.2.0\server\bin;C:\WINDOWS\system32;C:\WINDOWS;C:\WINDOWS\System32\Wbem;C:\WINDOWS\System32\WindowsPowerShell\v1.0\;C:\WINDOWS\System32\OpenSSH\;C:\Program Files\Git\cmd;C:\Program Files\dotnet\;C:\Program Files\Docker\Docker\resources\bin;C:\ProgramData\DockerDesktop\version-bin;C:\Users\alani\AppData\Local\Microsoft\WindowsApps;C:\Users\alani\AppData\Local\Microsoft\WindowsApps;C:\Users\alani\AppData\Local\GitHubDesktop\bin
USERNAME=alani
OS=Windows_NT
PROCESSOR_IDENTIFIER=Intel64 Family 6 Model 140 Stepping 1, GenuineIntel



---------------  S Y S T E M  ---------------

OS:
 Windows 11 , 64 bit Build 22000 (10.0.22000.708)
OS uptime: 3 days 12:07 hours
Hyper-V role detected

CPU: total 8 (initial active 8) (4 cores per cpu, 2 threads per core) family 6 model 140 stepping 1 microcode 0xa4, cx8, cmov, fxsr, ht, mmx, 3dnowpref, sse, sse2, sse3, ssse3, sse4.1, sse4.2, popcnt, lzcnt, tsc, tscinvbit, avx, avx2, aes, erms, clmul, bmi1, bmi2, adx, avx512f, avx512dq, avx512cd, avx512bw, avx512vl, sha, fma, vzeroupper, avx512_vpopcntdq, avx512_vpclmulqdq, avx512_vaes, avx512_vnni, clflush, clflushopt, clwb, avx512_vbmi2, avx512_vbmi, hv

Memory: 4k page, system-wide physical 16107M (1874M free)
TotalPageFile size 65259M (AvailPageFile size 140M)
current process WorkingSet (physical memory assigned to process): 10M, peak: 10M
current process commit charge ("private bytes"): 60M, peak: 312M

vm_info: OpenJDK 64-Bit Server VM (17.0.2+8-86) for windows-amd64 JRE (17.0.2+8-86), built on Dec  7 2021 21:49:10 by "mach5one" with MS VC++ 16.8 / 16.9 (VS2019)

END.
